<?xml version="1.0" encoding="UTF-8"?>
<!-- Generated by org.testng.reporters.JUnitReportReporter -->
<testsuite skipped="0" hostname="DESKTOP-3RI34F3" name="com.CucumberRunner" tests="1" failures="0" timestamp="06 Jul 2020 12:23:48 GMT" time="60.228" errors="0">
  <testcase name="scenario" time="60.228" classname="com.CucumberRunner"/>
</testsuite> <!-- com.CucumberRunner -->
