<?xml version="1.0" encoding="UTF-8"?>
<!-- Generated by org.testng.reporters.JUnitReportReporter -->
<testsuite skipped="0" hostname="DESKTOP-3RI34F3" name="com.api.CucumberRunner" tests="2" failures="0" timestamp="04 Jul 2020 10:19:14 GMT" time="40.453" errors="0">
  <testcase name="scenario" time="8.482" classname="com.api.CucumberRunner"/>
  <testcase name="scenario" time="31.971" classname="com.api.CucumberRunner"/>
</testsuite> <!-- com.api.CucumberRunner -->
